<?xml version="1.0" encoding="UTF-8"?>
<testsuite xmlns:xsi="http://www.w3.org/2001/XMLSchema-instance" xsi:noNamespaceSchemaLocation="https://maven.apache.org/surefire/maven-surefire-plugin/xsd/surefire-test-report.xsd" name="TestSuite" time="9.638" tests="1" errors="0" skipped="0" failures="0">
  <properties>
    <property name="sun.desktop" value="windows"/>
    <property name="awt.toolkit" value="sun.awt.windows.WToolkit"/>
    <property name="file.encoding.pkg" value="sun.io"/>
    <property name="java.specification.version" value="1.8"/>
    <property name="sun.cpu.isalist" value="amd64"/>
    <property name="sun.jnu.encoding" value="GBK"/>
    <property name="java.class.path" value="C:\Users\dingrui\Downloads\VirtualSimulationServer-main\selenium_test\target\test-classes;C:\Users\dingrui\Downloads\VirtualSimulationServer-main\selenium_test\target\classes;D:\maven\maven_repo\org\seleniumhq\selenium\selenium-java\2.53.1\selenium-java-2.53.1.jar;D:\maven\maven_repo\org\seleniumhq\selenium\selenium-chrome-driver\2.53.1\selenium-chrome-driver-2.53.1.jar;D:\maven\maven_repo\org\seleniumhq\selenium\selenium-remote-driver\2.53.1\selenium-remote-driver-2.53.1.jar;D:\maven\maven_repo\cglib\cglib-nodep\2.1_3\cglib-nodep-2.1_3.jar;D:\maven\maven_repo\com\google\code\gson\gson\2.3.1\gson-2.3.1.jar;D:\maven\maven_repo\org\seleniumhq\selenium\selenium-api\2.53.1\selenium-api-2.53.1.jar;D:\maven\maven_repo\org\apache\httpcomponents\httpclient\4.5.1\httpclient-4.5.1.jar;D:\maven\maven_repo\org\apache\httpcomponents\httpcore\4.4.3\httpcore-4.4.3.jar;D:\maven\maven_repo\org\seleniumhq\selenium\selenium-edge-driver\2.53.1\selenium-edge-driver-2.53.1.jar;D:\maven\maven_repo\commons-io\commons-io\2.4\commons-io-2.4.jar;D:\maven\maven_repo\org\apache\commons\commons-exec\1.3\commons-exec-1.3.jar;D:\maven\maven_repo\org\seleniumhq\selenium\htmlunit-driver\2.21\htmlunit-driver-2.21.jar;D:\maven\maven_repo\net\sourceforge\htmlunit\htmlunit\2.21\htmlunit-2.21.jar;D:\maven\maven_repo\xalan\xalan\2.7.2\xalan-2.7.2.jar;D:\maven\maven_repo\xalan\serializer\2.7.2\serializer-2.7.2.jar;D:\maven\maven_repo\org\apache\httpcomponents\httpmime\4.5.2\httpmime-4.5.2.jar;D:\maven\maven_repo\commons-codec\commons-codec\1.10\commons-codec-1.10.jar;D:\maven\maven_repo\net\sourceforge\htmlunit\htmlunit-core-js\2.17\htmlunit-core-js-2.17.jar;D:\maven\maven_repo\net\sourceforge\htmlunit\neko-htmlunit\2.21\neko-htmlunit-2.21.jar;D:\maven\maven_repo\xerces\xercesImpl\2.11.0\xercesImpl-2.11.0.jar;D:\maven\maven_repo\xml-apis\xml-apis\1.4.01\xml-apis-1.4.01.jar;D:\maven\maven_repo\net\sourceforge\cssparser\cssparser\0.9.18\cssparser-0.9.18.jar;D:\maven\maven_repo\org\w3c\css\sac\1.3\sac-1.3.jar;D:\maven\maven_repo\commons-logging\commons-logging\1.2\commons-logging-1.2.jar;D:\maven\maven_repo\org\eclipse\jetty\websocket\websocket-client\9.2.15.v20160210\websocket-client-9.2.15.v20160210.jar;D:\maven\maven_repo\org\eclipse\jetty\jetty-util\9.2.15.v20160210\jetty-util-9.2.15.v20160210.jar;D:\maven\maven_repo\org\eclipse\jetty\jetty-io\9.2.15.v20160210\jetty-io-9.2.15.v20160210.jar;D:\maven\maven_repo\org\eclipse\jetty\websocket\websocket-common\9.2.15.v20160210\websocket-common-9.2.15.v20160210.jar;D:\maven\maven_repo\org\eclipse\jetty\websocket\websocket-api\9.2.15.v20160210\websocket-api-9.2.15.v20160210.jar;D:\maven\maven_repo\commons-collections\commons-collections\3.2.2\commons-collections-3.2.2.jar;D:\maven\maven_repo\org\seleniumhq\selenium\selenium-firefox-driver\2.53.1\selenium-firefox-driver-2.53.1.jar;D:\maven\maven_repo\org\seleniumhq\selenium\selenium-ie-driver\2.53.1\selenium-ie-driver-2.53.1.jar;D:\maven\maven_repo\net\java\dev\jna\jna\4.1.0\jna-4.1.0.jar;D:\maven\maven_repo\net\java\dev\jna\jna-platform\4.1.0\jna-platform-4.1.0.jar;D:\maven\maven_repo\org\seleniumhq\selenium\selenium-safari-driver\2.53.1\selenium-safari-driver-2.53.1.jar;D:\maven\maven_repo\io\netty\netty\3.5.7.Final\netty-3.5.7.Final.jar;D:\maven\maven_repo\org\seleniumhq\selenium\selenium-support\2.53.1\selenium-support-2.53.1.jar;D:\maven\maven_repo\org\seleniumhq\selenium\selenium-leg-rc\2.53.1\selenium-leg-rc-2.53.1.jar;D:\maven\maven_repo\org\testng\testng\6.8.8\testng-6.8.8.jar;D:\maven\maven_repo\org\beanshell\bsh\2.0b4\bsh-2.0b4.jar;D:\maven\maven_repo\com\beust\jcommander\1.27\jcommander-1.27.jar;D:\maven\maven_repo\org\slf4j\slf4j-simple\1.7.25\slf4j-simple-1.7.25.jar;D:\maven\maven_repo\org\slf4j\slf4j-api\1.7.25\slf4j-api-1.7.25.jar;D:\maven\maven_repo\io\qameta\allure\allure-testng\2.6.0\allure-testng-2.6.0.jar;D:\maven\maven_repo\io\qameta\allure\allure-descriptions-javadoc\2.6.0\allure-descriptions-javadoc-2.6.0.jar;D:\maven\maven_repo\io\qameta\allure\allure-java-commons\2.6.0\allure-java-commons-2.6.0.jar;D:\maven\maven_repo\com\google\guava\guava\19.0\guava-19.0.jar;D:\maven\maven_repo\io\qameta\allure\allure2-model-api\1.0-BETA6\allure2-model-api-1.0-BETA6.jar;D:\maven\maven_repo\io\qameta\allure\allure2-model-pojo\1.0-BETA6\allure2-model-pojo-1.0-BETA6.jar;D:\maven\maven_repo\org\apache\tika\tika-core\1.14\tika-core-1.14.jar;D:\maven\maven_repo\io\qameta\allure\allure2-model-jackson\1.0-BETA6\allure2-model-jackson-1.0-BETA6.jar;D:\maven\maven_repo\com\fasterxml\jackson\core\jackson-databind\2.7.0\jackson-databind-2.7.0.jar;D:\maven\maven_repo\com\fasterxml\jackson\core\jackson-annotations\2.7.0\jackson-annotations-2.7.0.jar;D:\maven\maven_repo\com\fasterxml\jackson\core\jackson-core\2.7.0\jackson-core-2.7.0.jar;D:\maven\maven_repo\com\fasterxml\jackson\module\jackson-module-jaxb-annotations\2.7.0\jackson-module-jaxb-annotations-2.7.0.jar;D:\maven\maven_repo\org\apache\commons\commons-lang3\3.5\commons-lang3-3.5.jar;D:\maven\maven_repo\org\aspectj\aspectjrt\1.8.10\aspectjrt-1.8.10.jar;D:\maven\maven_repo\org\jooq\joor\0.9.6\joor-0.9.6.jar;D:\maven\maven_repo\org\apache\maven\surefire\surefire-testng-utils\2.22.0\surefire-testng-utils-2.22.0.jar;D:\maven\maven_repo\org\apache\maven\surefire\surefire-grouper\2.22.0\surefire-grouper-2.22.0.jar;"/>
    <property name="java.vm.vendor" value="Amazon.com Inc."/>
    <property name="sun.arch.data.model" value="64"/>
    <property name="user.variant" value=""/>
    <property name="java.vendor.url" value="https://aws.amazon.com/corretto/"/>
    <property name="user.timezone" value="Asia/Shanghai"/>
    <property name="java.vm.specification.version" value="1.8"/>
    <property name="os.name" value="Windows 10"/>
    <property name="user.country" value="CN"/>
    <property name="sun.java.launcher" value="SUN_STANDARD"/>
    <property name="sun.boot.library.path" value="C:\Users\dingrui\.jdks\corretto-1.8.0_312\jre\bin"/>
    <property name="sun.java.command" value="C:\Users\dingrui\AppData\Local\Temp\surefire1852940098051212979\surefirebooter1065316051000104302.jar C:\Users\dingrui\AppData\Local\Temp\surefire1852940098051212979 2022-08-27T11-19-30_320-jvmRun1 surefire6354011798820826569tmp surefire_06993803594335850973tmp"/>
    <property name="surefire.test.class.path" value="C:\Users\dingrui\Downloads\VirtualSimulationServer-main\selenium_test\target\test-classes;C:\Users\dingrui\Downloads\VirtualSimulationServer-main\selenium_test\target\classes;D:\maven\maven_repo\org\seleniumhq\selenium\selenium-java\2.53.1\selenium-java-2.53.1.jar;D:\maven\maven_repo\org\seleniumhq\selenium\selenium-chrome-driver\2.53.1\selenium-chrome-driver-2.53.1.jar;D:\maven\maven_repo\org\seleniumhq\selenium\selenium-remote-driver\2.53.1\selenium-remote-driver-2.53.1.jar;D:\maven\maven_repo\cglib\cglib-nodep\2.1_3\cglib-nodep-2.1_3.jar;D:\maven\maven_repo\com\google\code\gson\gson\2.3.1\gson-2.3.1.jar;D:\maven\maven_repo\org\seleniumhq\selenium\selenium-api\2.53.1\selenium-api-2.53.1.jar;D:\maven\maven_repo\org\apache\httpcomponents\httpclient\4.5.1\httpclient-4.5.1.jar;D:\maven\maven_repo\org\apache\httpcomponents\httpcore\4.4.3\httpcore-4.4.3.jar;D:\maven\maven_repo\org\seleniumhq\selenium\selenium-edge-driver\2.53.1\selenium-edge-driver-2.53.1.jar;D:\maven\maven_repo\commons-io\commons-io\2.4\commons-io-2.4.jar;D:\maven\maven_repo\org\apache\commons\commons-exec\1.3\commons-exec-1.3.jar;D:\maven\maven_repo\org\seleniumhq\selenium\htmlunit-driver\2.21\htmlunit-driver-2.21.jar;D:\maven\maven_repo\net\sourceforge\htmlunit\htmlunit\2.21\htmlunit-2.21.jar;D:\maven\maven_repo\xalan\xalan\2.7.2\xalan-2.7.2.jar;D:\maven\maven_repo\xalan\serializer\2.7.2\serializer-2.7.2.jar;D:\maven\maven_repo\org\apache\httpcomponents\httpmime\4.5.2\httpmime-4.5.2.jar;D:\maven\maven_repo\commons-codec\commons-codec\1.10\commons-codec-1.10.jar;D:\maven\maven_repo\net\sourceforge\htmlunit\htmlunit-core-js\2.17\htmlunit-core-js-2.17.jar;D:\maven\maven_repo\net\sourceforge\htmlunit\neko-htmlunit\2.21\neko-htmlunit-2.21.jar;D:\maven\maven_repo\xerces\xercesImpl\2.11.0\xercesImpl-2.11.0.jar;D:\maven\maven_repo\xml-apis\xml-apis\1.4.01\xml-apis-1.4.01.jar;D:\maven\maven_repo\net\sourceforge\cssparser\cssparser\0.9.18\cssparser-0.9.18.jar;D:\maven\maven_repo\org\w3c\css\sac\1.3\sac-1.3.jar;D:\maven\maven_repo\commons-logging\commons-logging\1.2\commons-logging-1.2.jar;D:\maven\maven_repo\org\eclipse\jetty\websocket\websocket-client\9.2.15.v20160210\websocket-client-9.2.15.v20160210.jar;D:\maven\maven_repo\org\eclipse\jetty\jetty-util\9.2.15.v20160210\jetty-util-9.2.15.v20160210.jar;D:\maven\maven_repo\org\eclipse\jetty\jetty-io\9.2.15.v20160210\jetty-io-9.2.15.v20160210.jar;D:\maven\maven_repo\org\eclipse\jetty\websocket\websocket-common\9.2.15.v20160210\websocket-common-9.2.15.v20160210.jar;D:\maven\maven_repo\org\eclipse\jetty\websocket\websocket-api\9.2.15.v20160210\websocket-api-9.2.15.v20160210.jar;D:\maven\maven_repo\commons-collections\commons-collections\3.2.2\commons-collections-3.2.2.jar;D:\maven\maven_repo\org\seleniumhq\selenium\selenium-firefox-driver\2.53.1\selenium-firefox-driver-2.53.1.jar;D:\maven\maven_repo\org\seleniumhq\selenium\selenium-ie-driver\2.53.1\selenium-ie-driver-2.53.1.jar;D:\maven\maven_repo\net\java\dev\jna\jna\4.1.0\jna-4.1.0.jar;D:\maven\maven_repo\net\java\dev\jna\jna-platform\4.1.0\jna-platform-4.1.0.jar;D:\maven\maven_repo\org\seleniumhq\selenium\selenium-safari-driver\2.53.1\selenium-safari-driver-2.53.1.jar;D:\maven\maven_repo\io\netty\netty\3.5.7.Final\netty-3.5.7.Final.jar;D:\maven\maven_repo\org\seleniumhq\selenium\selenium-support\2.53.1\selenium-support-2.53.1.jar;D:\maven\maven_repo\org\seleniumhq\selenium\selenium-leg-rc\2.53.1\selenium-leg-rc-2.53.1.jar;D:\maven\maven_repo\org\testng\testng\6.8.8\testng-6.8.8.jar;D:\maven\maven_repo\org\beanshell\bsh\2.0b4\bsh-2.0b4.jar;D:\maven\maven_repo\com\beust\jcommander\1.27\jcommander-1.27.jar;D:\maven\maven_repo\org\slf4j\slf4j-simple\1.7.25\slf4j-simple-1.7.25.jar;D:\maven\maven_repo\org\slf4j\slf4j-api\1.7.25\slf4j-api-1.7.25.jar;D:\maven\maven_repo\io\qameta\allure\allure-testng\2.6.0\allure-testng-2.6.0.jar;D:\maven\maven_repo\io\qameta\allure\allure-descriptions-javadoc\2.6.0\allure-descriptions-javadoc-2.6.0.jar;D:\maven\maven_repo\io\qameta\allure\allure-java-commons\2.6.0\allure-java-commons-2.6.0.jar;D:\maven\maven_repo\com\google\guava\guava\19.0\guava-19.0.jar;D:\maven\maven_repo\io\qameta\allure\allure2-model-api\1.0-BETA6\allure2-model-api-1.0-BETA6.jar;D:\maven\maven_repo\io\qameta\allure\allure2-model-pojo\1.0-BETA6\allure2-model-pojo-1.0-BETA6.jar;D:\maven\maven_repo\org\apache\tika\tika-core\1.14\tika-core-1.14.jar;D:\maven\maven_repo\io\qameta\allure\allure2-model-jackson\1.0-BETA6\allure2-model-jackson-1.0-BETA6.jar;D:\maven\maven_repo\com\fasterxml\jackson\core\jackson-databind\2.7.0\jackson-databind-2.7.0.jar;D:\maven\maven_repo\com\fasterxml\jackson\core\jackson-annotations\2.7.0\jackson-annotations-2.7.0.jar;D:\maven\maven_repo\com\fasterxml\jackson\core\jackson-core\2.7.0\jackson-core-2.7.0.jar;D:\maven\maven_repo\com\fasterxml\jackson\module\jackson-module-jaxb-annotations\2.7.0\jackson-module-jaxb-annotations-2.7.0.jar;D:\maven\maven_repo\org\apache\commons\commons-lang3\3.5\commons-lang3-3.5.jar;D:\maven\maven_repo\org\aspectj\aspectjrt\1.8.10\aspectjrt-1.8.10.jar;D:\maven\maven_repo\org\jooq\joor\0.9.6\joor-0.9.6.jar;D:\maven\maven_repo\org\apache\maven\surefire\surefire-testng-utils\2.22.0\surefire-testng-utils-2.22.0.jar;D:\maven\maven_repo\org\apache\maven\surefire\surefire-grouper\2.22.0\surefire-grouper-2.22.0.jar;"/>
    <property name="sun.cpu.endian" value="little"/>
    <property name="allure.results.directory" value="C:\Users\dingrui\Downloads\VirtualSimulationServer-main\selenium_test\target/allure-results"/>
    <property name="user.home" value="C:\Users\dingrui"/>
    <property name="user.language" value="zh"/>
    <property name="java.specification.vendor" value="Oracle Corporation"/>
    <property name="java.home" value="C:\Users\dingrui\.jdks\corretto-1.8.0_312\jre"/>
    <property name="basedir" value="C:\Users\dingrui\Downloads\VirtualSimulationServer-main\selenium_test"/>
    <property name="file.separator" value="\"/>
    <property name="line.separator" value="&#10;"/>
    <property name="java.vm.specification.vendor" value="Oracle Corporation"/>
    <property name="java.specification.name" value="Java Platform API Specification"/>
    <property name="java.awt.graphicsenv" value="sun.awt.Win32GraphicsEnvironment"/>
    <property name="surefire.real.class.path" value="C:\Users\dingrui\AppData\Local\Temp\surefire1852940098051212979\surefirebooter1065316051000104302.jar"/>
    <property name="sun.boot.class.path" value="C:\Users\dingrui\.jdks\corretto-1.8.0_312\jre\lib\resources.jar;C:\Users\dingrui\.jdks\corretto-1.8.0_312\jre\lib\rt.jar;C:\Users\dingrui\.jdks\corretto-1.8.0_312\jre\lib\sunrsasign.jar;C:\Users\dingrui\.jdks\corretto-1.8.0_312\jre\lib\jsse.jar;C:\Users\dingrui\.jdks\corretto-1.8.0_312\jre\lib\jce.jar;C:\Users\dingrui\.jdks\corretto-1.8.0_312\jre\lib\charsets.jar;C:\Users\dingrui\.jdks\corretto-1.8.0_312\jre\lib\jfr.jar;C:\Users\dingrui\.jdks\corretto-1.8.0_312\jre\classes"/>
    <property name="user.script" value=""/>
    <property name="sun.management.compiler" value="HotSpot 64-Bit Tiered Compilers"/>
    <property name="java.runtime.version" value="1.8.0_312-b07"/>
    <property name="user.name" value="dingrui"/>
    <property name="path.separator" value=";"/>
    <property name="os.version" value="10.0"/>
    <property name="java.endorsed.dirs" value="C:\Users\dingrui\.jdks\corretto-1.8.0_312\jre\lib\endorsed"/>
    <property name="java.runtime.name" value="OpenJDK Runtime Environment"/>
    <property name="file.encoding" value="UTF-8"/>
    <property name="java.vm.name" value="OpenJDK 64-Bit Server VM"/>
    <property name="localRepository" value="D:\maven\maven_repo"/>
    <property name="java.vendor.url.bug" value="https://github.com/corretto/corretto-8/issues/"/>
    <property name="java.io.tmpdir" value="C:\Users\dingrui\AppData\Local\Temp\"/>
    <property name="idea.version" value="2021.2"/>
    <property name="java.version" value="1.8.0_312"/>
    <property name="user.dir" value="C:\Users\dingrui\Downloads\VirtualSimulationServer-main\selenium_test"/>
    <property name="os.arch" value="amd64"/>
    <property name="java.vm.specification.name" value="Java Virtual Machine Specification"/>
    <property name="java.awt.printerjob" value="sun.awt.windows.WPrinterJob"/>
    <property name="sun.os.patch.level" value=""/>
    <property name="java.library.path" value="C:\Users\dingrui\.jdks\corretto-1.8.0_312\jre\bin;C:\WINDOWS\Sun\Java\bin;C:\WINDOWS\system32;C:\WINDOWS;C:\Program Files (x86)\Common Files\Oracle\Java\javapath;C:\Program Files\Common Files\Oracle\Java\javapath;C:\Windows\system32;C:\Windows;C:\Windows\System32\Wbem;C:\Windows\System32\WindowsPowerShell\v1.0\;C:\Windows\System32\OpenSSH\;C:\Program Files (x86)\NVIDIA Corporation\PhysX\Common;C:\Program Files\NVIDIA Corporation\NVIDIA NvDLISR;C:\WINDOWS\system32;C:\WINDOWS;C:\WINDOWS\System32\Wbem;C:\WINDOWS\System32\WindowsPowerShell\v1.0\;C:\WINDOWS\System32\OpenSSH\;D:\vironment\mysql-5.7.29-winx64(1)\mysql-5.7.29-winx64\bin;C:\Program Files (x86)\NetSarang\Xshell 7\;C:\Program Files (x86)\NetSarang\Xftp 7\;D:\maven\apache-maven-3.8.6-bin\apache-maven-3.8.6\bin;C:\Program Files\Git\cmd;D:\dataBase\neo4j-community-3.5.33-windows\neo4j-community-3.5.33\bin;C:\Program Files\Java\jdk1.8.0_202\bin;C:\Program Files\nodejs\;D:\Drivers;C:\Users\dingrui\AppData\Local\Microsoft\WindowsApps;;C:\Users\dingrui\AppData\Local\Programs\Microsoft VS Code\bin;C:\Users\dingrui\AppData\Roaming\npm;."/>
    <property name="java.vm.info" value="mixed mode"/>
    <property name="java.vendor" value="Amazon.com Inc."/>
    <property name="java.vm.version" value="25.312-b07"/>
    <property name="java.ext.dirs" value="C:\Users\dingrui\.jdks\corretto-1.8.0_312\jre\lib\ext;C:\WINDOWS\Sun\Java\lib\ext"/>
    <property name="sun.io.unicode.encoding" value="UnicodeLittle"/>
    <property name="java.class.version" value="52.0"/>
  </properties>
  <testcase name="test01" classname="TestTest" time="8.453"/>
</testsuite>