<?xml version="1.0" encoding="UTF-8"?>
<!-- Generated by org.testng.reporters.JUnitReportReporter -->
<testsuite hostname="LAPTOP-4AP2TFUD" name="TestTest" tests="1" failures="0" timestamp="27 Aug 2022 03:23:19 GMT" time="8.138" errors="0">
  <testcase name="test01" time="8.138" classname="TestTest"/>
</testsuite> <!-- TestTest -->
